undefined
undefined
undefined
undefined
undefined
undefined
undefined
undefined
undefined
undefined
undefined
undefined
undefined
undefined
undefined
undefined
undefined
undefined
undefined
undefined
undefined
undefined
Cast to ObjectId failed for value "1" (type string) at path "_id" for model "BlogPost"
undefined
Cast to ObjectId failed for value "1" (type string) at path "_id" for model "BlogPost"
undefined
Cast to ObjectId failed for value "1" (type string) at path "_id" for model "BlogPost"
undefined
Comments validation failed: blogId: Path `blogId` is required., userId: Path `userId` is required.
undefined
undefined
Comments validation failed: blogId: Path `blogId` is required., userId: Path `userId` is required.
undefined
undefined
Comments validation failed: blogId: Path `blogId` is required., userId: Path `userId` is required.
undefined
Comments validation failed: blogId: Path `blogId` is required., userId: Path `userId` is required.
undefined
Comments validation failed: blogId: Path `blogId` is required., userId: Path `userId` is required.
undefined
Comments validation failed: blogId: Path `blogId` is required., userId: Path `userId` is required.
undefined
Comments validation failed: blogId: Path `blogId` is required., userId: Path `userId` is required.
undefined
Comments validation failed: blogId: Path `blogId` is required., userId: Path `userId` is required.
undefined
Comments validation failed: blogId: Path `blogId` is required., userId: Path `userId` is required.
undefined
E11000 duplicate key error collection: BlogSystem.comments index: username_1 dup key: { username: null }
undefined
Comments validation failed: userId: Path `userId` is required.
undefined
E11000 duplicate key error collection: BlogSystem.comments index: username_1 dup key: { username: null }
undefined
E11000 duplicate key error collection: BlogSystem.comments index: username_1 dup key: { username: null }
undefined
E11000 duplicate key error collection: BlogSystem.comments index: username_1 dup key: { username: null }
undefined
E11000 duplicate key error collection: BlogSystem.comments index: username_1 dup key: { username: null }
undefined
E11000 duplicate key error collection: BlogSystem.comments index: username_1 dup key: { username: null }
undefined
E11000 duplicate key error collection: BlogSystem.comments index: username_1 dup key: { username: null }
undefined
E11000 duplicate key error collection: BlogSystem.comments index: username_1 dup key: { username: null }
